[Licensing::Module] Trying to connect to existing licensing client channel...
Built from '6000.0/respin/6000.0.63f1-b423dd65e13f' branch; Version is '6000.0.63f1 (9438f9b77a46) revision 9713913'; Using compiler version '193933523'; Build Type 'Release'
OS: 'Windows 10  (10.0.19045) 64bit Professional' Language: 'en' Physical Memory: 7916 MB
BatchMode: 1, IsHumanControllingUs: 0, StartBugReporterOnCrash: 0, Is64bit: 1
[Licensing::IpcConnector] Successfully connected to: "LicenseClient-yc" at "2025-12-03T18:06:02.9172533Z"
Date: 2025-12-03T18:06:02Z

COMMAND LINE ARGUMENTS:
D:\Program Files\6000.0.63f1\Editor\Unity.exe
-adb2
-batchMode
-noUpm
-name
AssetImportWorker0
-projectPath
D:/DemoProject_HM_DevCynx_IT3
-logFile
Logs/AssetImportWorker0.log
-srvPort
63629
-licensingIpc
LicenseClient-yc
-job-worker-count
1
-background-job-worker-count
8
-gc-helper-count
1
-name
AssetImport
Successfully changed project path to: D:/DemoProject_HM_DevCynx_IT3
D:/DemoProject_HM_DevCynx_IT3
[UnityMemory] Configuration Parameters - Can be set up in boot.config
    "memorysetup-bucket-allocator-granularity=16"
    "memorysetup-bucket-allocator-bucket-count=8"
    "memorysetup-bucket-allocator-block-size=33554432"
    "memorysetup-bucket-allocator-block-count=8"
    "memorysetup-main-allocator-block-size=16777216"
    "memorysetup-thread-allocator-block-size=16777216"
    "memorysetup-gfx-main-allocator-block-size=16777216"
    "memorysetup-gfx-thread-allocator-block-size=16777216"
    "memorysetup-cache-allocator-block-size=4194304"
    "memorysetup-typetree-allocator-block-size=2097152"
    "memorysetup-profiler-bucket-allocator-granularity=16"
    "memorysetup-profiler-bucket-allocator-bucket-count=8"
    "memorysetup-profiler-bucket-allocator-block-size=33554432"
    "memorysetup-profiler-bucket-allocator-block-count=8"
    "memorysetup-profiler-allocator-block-size=16777216"
    "memorysetup-profiler-editor-allocator-block-size=1048576"
    "memorysetup-temp-allocator-size-main=16777216"
    "memorysetup-job-temp-allocator-block-size=2097152"
    "memorysetup-job-temp-allocator-block-size-background=1048576"
    "memorysetup-job-temp-allocator-reduction-small-platforms=262144"
    "memorysetup-allocator-temp-initial-block-size-main=262144"
    "memorysetup-allocator-temp-initial-block-size-worker=262144"
    "memorysetup-temp-allocator-size-background-worker=32768"
    "memorysetup-temp-allocator-size-job-worker=262144"
    "memorysetup-temp-allocator-size-preload-manager=33554432"
    "memorysetup-temp-allocator-size-nav-mesh-worker=65536"
    "memorysetup-temp-allocator-size-audio-worker=65536"
    "memorysetup-temp-allocator-size-cloud-worker=32768"
    "memorysetup-temp-allocator-size-gi-baking-worker=262144"
    "memorysetup-temp-allocator-size-gi-baking-worker=262144"
    "memorysetup-temp-allocator-size-gi-baking-worker=262144"
    "memorysetup-temp-allocator-size-gi-baking-worker=262144"
    "memorysetup-temp-allocator-size-gi-baking-worker=262144"
    "memorysetup-temp-allocator-size-gfx=262144"
Player connection [15792]  Target information:

Player connection [15792]  * "[IP] 192.168.10.19 [Port] 0 [Flags] 2 [Guid] 2728924405 [EditorId] 2728924405 [Version] 1048832 [Id] WindowsEditor(7,DESKTOP-3NMN5LN) [Debug] 1 [PackageName] WindowsEditor [ProjectName] Editor" 

Player connection [15792] Host joined multi-casting on [225.0.0.222:54997]...
Player connection [15792] Host joined alternative multi-casting on [225.0.0.222:34997]...
JobSystem: Creating JobQueue using job-worker-count value 1
Input System module state changed to: Initialized.
[Physics::Module] Initialized fallback backend.
[Physics::Module] Id: 0xdecafbad
Library Redirect Path: Library/
[Physics::Module] Selected backend.
[Physics::Module] Name: PhysX
[Physics::Module] Id: 0xf2b8ea05
[Physics::Module] SDK Version: 4.1.2
[Physics::Module] Integration Version: 1.0.0
[Physics::Module] Threading Mode: Multi-Threaded
[Licensing::Module] Licensing is not yet initialized.
[Licensing::Client] Error: HandshakeResponse reported an error:
	ResponseCode: 505
	ResponseStatus: Unsupported protocol version '1.17.4'.
[Licensing::Module] Error: Failed to handshake to channel: "LicenseClient-yc"
[Licensing::IpcConnector] LicenseClient-yc channel disconnected successfully.
[Licensing::IpcConnector] Successfully connected to: "LicenseClient-yc-6000.0.63" at "2025-12-03T18:06:06.9870754Z"
[Licensing::Client] Handshaking with LicensingClient:
  Version:                 1.17.4+4293ba1
  Session Id:              18179886d7264e5baf1fa77befead40d
  Correlation Id:          cbde48d77f0a44fcca77919863a4d8bc
  External correlation Id: 5955302222445542389
  Machine Id:              vnMnQjsBYxQfw8ZRtH+580YceSg=
[Licensing::Module] Successfully connected to LicensingClient on channel: "LicenseClient-yc-6000.0.63" (connect: 0.00s, validation: 0.01s, handshake: 6.02s)
[Licensing::IpcConnector] Successfully connected to: "LicenseClient-yc-6000.0.63-notifications" at "2025-12-03T18:06:13.0143894Z"
[Licensing::Module] Licensing Background thread has ended after 10.10s
[Licensing::Module] Licensing is initialized (took 8.94s).
[Licensing::Client] Successfully resolved entitlement details
[Licensing::Module] License group:
  Id: 18968174127695-UnityPersXXXX
  Product: Unity Personal
  Type: Assigned
  Expiration: Unlimited
Refreshing native plugins compatible for Editor in 56.89 ms, found 3 plugins.
Preloading 0 native plugins for Editor in 0.00 ms.
Initialize engine version: 6000.0.63f1 (9438f9b77a46)
[Subsystems] Discovering subsystems at path D:/Program Files/6000.0.63f1/Editor/Data/Resources/UnitySubsystems
[Subsystems] Discovering subsystems at path D:/DemoProject_HM_DevCynx_IT3/Assets
GfxDevice: creating device client; kGfxThreadingModeNonThreaded
Direct3D:
    Version:  Direct3D 11.0 [level 11.1]
    Renderer: Intel(R) HD Graphics Family (ID=0xa16)
    Vendor:   Intel
    VRAM:     2048 MB
    Driver:   20.19.15.4835
Shader Hidden/ProbeVolume/VoxelizeScene is not supported: GPU does not support conservative rasterization
Initialize mono
Mono path[0] = 'D:/Program Files/6000.0.63f1/Editor/Data/Managed'
Mono path[1] = 'D:/Program Files/6000.0.63f1/Editor/Data/MonoBleedingEdge/lib/mono/unityjit-win32'
Mono config path = 'D:/Program Files/6000.0.63f1/Editor/Data/MonoBleedingEdge/etc'
Using monoOptions --debugger-agent=transport=dt_socket,embedding=1,server=y,suspend=n,address=127.0.0.1:56048
Begin MonoManager ReloadAssembly
Registering precompiled unity dll's ...
Register platform support module: D:/Program Files/6000.0.63f1/Editor/Data/PlaybackEngines/WindowsStandaloneSupport/UnityEditor.WindowsStandalone.Extensions.dll
Register platform support module: D:/Program Files/6000.0.63f1/Editor/Data/PlaybackEngines/AndroidPlayer/UnityEditor.Android.Extensions.dll
Registered in 0.076065 seconds.
- Loaded All Assemblies, in  2.769 seconds
Native extension for Android target not found
Android Extension - Scanning For ADB Devices 817 ms
Native extension for WindowsStandalone target not found
Mono: successfully reloaded assembly
- Finished resetting the current domain, in  2.297 seconds
Domain Reload Profiling: 5065ms
	BeginReloadAssembly (1350ms)
		ExecutionOrderSort (0ms)
		DisableScriptedObjects (0ms)
		BackupInstance (0ms)
		ReleaseScriptingObjects (0ms)
		CreateAndSetChildDomain (35ms)
	RebuildCommonClasses (242ms)
	RebuildNativeTypeToScriptingClass (35ms)
	initialDomainReloadingComplete (284ms)
	LoadAllAssembliesAndSetupDomain (857ms)
		LoadAssemblies (1285ms)
		RebuildTransferFunctionScriptingTraits (0ms)
		AnalyzeDomain (824ms)
			TypeCache.Refresh (805ms)
				TypeCache.ScanAssembly (728ms)
			BuildScriptInfoCaches (7ms)
			ResolveRequiredComponents (11ms)
	FinalizeReload (2298ms)
		ReleaseScriptCaches (0ms)
		RebuildScriptCaches (0ms)
		SetupLoadedEditorAssemblies (2153ms)
			LogAssemblyErrors (0ms)
			InitializePlatformSupportModulesInManaged (1152ms)
			SetLoadedEditorAssemblies (10ms)
			BeforeProcessingInitializeOnLoad (248ms)
			ProcessInitializeOnLoadAttributes (526ms)
			ProcessInitializeOnLoadMethodAttributes (216ms)
			AfterProcessingInitializeOnLoad (0ms)
			EditorAssembliesLoaded (0ms)
		ExecutionOrderSort2 (0ms)
		AwakeInstancesAfterBackupRestoration (0ms)
========================================================================
Worker process is ready to serve import requests
Import Worker Mode flag is 0x00
Begin MonoManager ReloadAssembly
[Licensing::Client] Successfully resolved entitlement details
- Loaded All Assemblies, in  9.061 seconds
Refreshing native plugins compatible for Editor in 2.69 ms, found 3 plugins.
Native extension for Android target not found
Native extension for WindowsStandalone target not found
Package Manager log level set to [2]
[Package Manager] Failed to launch server process. Reason: Unity was launched with the -noUpm command-line argument
[Package Manager] Unable to send message (not connected to server process).
[Package Manager] Cannot connect to Unity Package Manager local server
Mono: successfully reloaded assembly
- Finished resetting the current domain, in  3.795 seconds
Domain Reload Profiling: 12846ms
	BeginReloadAssembly (2186ms)
		ExecutionOrderSort (0ms)
		DisableScriptedObjects (45ms)
		BackupInstance (0ms)
		ReleaseScriptingObjects (0ms)
		CreateAndSetChildDomain (135ms)
	RebuildCommonClasses (222ms)
	RebuildNativeTypeToScriptingClass (62ms)
	initialDomainReloadingComplete (630ms)
	LoadAllAssembliesAndSetupDomain (5950ms)
		LoadAssemblies (4481ms)
		RebuildTransferFunctionScriptingTraits (0ms)
		AnalyzeDomain (3265ms)
			TypeCache.Refresh (2879ms)
				TypeCache.ScanAssembly (2819ms)
			BuildScriptInfoCaches (339ms)
			ResolveRequiredComponents (39ms)
	FinalizeReload (3795ms)
		ReleaseScriptCaches (0ms)
		RebuildScriptCaches (0ms)
		SetupLoadedEditorAssemblies (2091ms)
			LogAssemblyErrors (0ms)
			InitializePlatformSupportModulesInManaged (29ms)
			SetLoadedEditorAssemblies (11ms)
			BeforeProcessingInitializeOnLoad (413ms)
			ProcessInitializeOnLoadAttributes (1459ms)
			ProcessInitializeOnLoadMethodAttributes (174ms)
			AfterProcessingInitializeOnLoad (6ms)
			EditorAssembliesLoaded (1ms)
		ExecutionOrderSort2 (0ms)
		AwakeInstancesAfterBackupRestoration (17ms)
Shader Hidden/ProbeVolume/VoxelizeScene is not supported: GPU does not support conservative rasterization
Launched and connected shader compiler UnityShaderCompiler.exe after 0.14 seconds
Refreshing native plugins compatible for Editor in 2.58 ms, found 3 plugins.
Preloading 0 native plugins for Editor in 0.00 ms.
Unloading 13 Unused Serialized files (Serialized files now loaded: 0)
Unloading 6098 unused Assets / (4.4 MB). Loaded Objects now: 6801.
Memory consumption went from 120.6 MB to 116.3 MB.
Total: 51.725200 ms (FindLiveObjects: 13.199400 ms CreateObjectMapping: 1.936100 ms MarkObjects: 31.058000 ms  DeleteObjects: 5.528400 ms)

========================================================================
Received Import Request.
  Time since last request: 258628.992977 seconds.
  path: Assets/Sprites/fb (1).png
  artifactKey: Guid(cb35ae5b72403ee4faa070a191981bf9) Importer(2089858483,192608db42251d675da83286b1cce702)
Start importing Assets/Sprites/fb (1).png using Guid(cb35ae5b72403ee4faa070a191981bf9) Importer(2089858483,192608db42251d675da83286b1cce702) (ScriptedImporter) -> (artifact id: '9c69922af287000b207026d48bef382c') in 1.9292557 seconds
Number of updated asset objects reloaded before import = 0Number of asset objects unloaded after import = 3

========================================================================
Received Import Request.
  Time since last request: 0.000048 seconds.
  path: Assets/Scenes/SampleScene.unity
  artifactKey: Guid(99c9720ab356a0642a771bea13969a05) Importer(2089858483,192608db42251d675da83286b1cce702)
Start importing Assets/Scenes/SampleScene.unity using Guid(99c9720ab356a0642a771bea13969a05) Importer(2089858483,192608db42251d675da83286b1cce702) (ScriptedImporter) -> (artifact id: '5717ccca96ee49a195eb70fc1f6790b1') in 0.1187544 seconds
Number of updated asset objects reloaded before import = 0Number of asset objects unloaded after import = 1

========================================================================
Received Import Request.
  Time since last request: 0.000049 seconds.
  path: Assets/Sprites/fb (1).png
  artifactKey: Guid(cb35ae5b72403ee4faa070a191981bf9) Importer(815301076,1909f56bfc062723c751e8b465ee728b)
Start importing Assets/Sprites/fb (1).png using Guid(cb35ae5b72403ee4faa070a191981bf9) Importer(815301076,1909f56bfc062723c751e8b465ee728b) (PreviewImporter) -> (artifact id: '95190a4ff5d468eb54c8edd53fdba5b1') in 2.6415577 seconds
Number of updated asset objects reloaded before import = 0Number of asset objects unloaded after import = 3

========================================================================
Received Import Request.
  Time since last request: 143.655501 seconds.
  path: Assets/Sprites/FB.png
  artifactKey: Guid(f8715be1232b5284c83966d3fa007391) Importer(2089858483,192608db42251d675da83286b1cce702)
Start importing Assets/Sprites/FB.png using Guid(f8715be1232b5284c83966d3fa007391) Importer(2089858483,192608db42251d675da83286b1cce702) (ScriptedImporter) -> (artifact id: 'b0b7e329be6ac310167730fbbf8282ad') in 0.0775311 seconds
Number of updated asset objects reloaded before import = 0Number of asset objects unloaded after import = 1

========================================================================
Received Import Request.
  Time since last request: 1.326385 seconds.
  path: Assets/Sprites/FB.png
  artifactKey: Guid(f8715be1232b5284c83966d3fa007391) Importer(815301076,1909f56bfc062723c751e8b465ee728b)
Start importing Assets/Sprites/FB.png using Guid(f8715be1232b5284c83966d3fa007391) Importer(815301076,1909f56bfc062723c751e8b465ee728b) (PreviewImporter) -> (artifact id: '01060ae28f46a5fd5c29f863b3c860a8') in 0.06277 seconds
Number of updated asset objects reloaded before import = 0Number of asset objects unloaded after import = 2

========================================================================
Received Import Request.
  Time since last request: 8.383619 seconds.
  path: Assets/Sprites/FB.png
  artifactKey: Guid(f8715be1232b5284c83966d3fa007391) Importer(815301076,1909f56bfc062723c751e8b465ee728b)
Start importing Assets/Sprites/FB.png using Guid(f8715be1232b5284c83966d3fa007391) Importer(815301076,1909f56bfc062723c751e8b465ee728b) (PreviewImporter) -> (artifact id: 'aa46e5d37b2ebf49595e3bf4cdda1ca9') in 0.0616615 seconds
Number of updated asset objects reloaded before import = 0Number of asset objects unloaded after import = 3

========================================================================
Received Import Request.
  Time since last request: 1446.454496 seconds.
  path: Assets/Sprites/FB1.png
  artifactKey: Guid(15fb730e065b36241935ade325aef114) Importer(2089858483,192608db42251d675da83286b1cce702)
Start importing Assets/Sprites/FB1.png using Guid(15fb730e065b36241935ade325aef114) Importer(2089858483,192608db42251d675da83286b1cce702) (ScriptedImporter) -> (artifact id: '0ff25d28471f843115aee4c1b15a8c87') in 0.0685875 seconds
Number of updated asset objects reloaded before import = 0Number of asset objects unloaded after import = 1

========================================================================
Received Import Request.
  Time since last request: 71.332503 seconds.
  path: Assets/Sprites/FB1.png
  artifactKey: Guid(15fb730e065b36241935ade325aef114) Importer(815301076,1909f56bfc062723c751e8b465ee728b)
Start importing Assets/Sprites/FB1.png using Guid(15fb730e065b36241935ade325aef114) Importer(815301076,1909f56bfc062723c751e8b465ee728b) (PreviewImporter) -> (artifact id: '7e7910959aeb9f508284140e6aeef905') in 0.0632325 seconds
Number of updated asset objects reloaded before import = 0Number of asset objects unloaded after import = 2

========================================================================
Received Import Request.
  Time since last request: 7.824306 seconds.
  path: Assets/Sprites/FB1.png
  artifactKey: Guid(15fb730e065b36241935ade325aef114) Importer(815301076,1909f56bfc062723c751e8b465ee728b)
Start importing Assets/Sprites/FB1.png using Guid(15fb730e065b36241935ade325aef114) Importer(815301076,1909f56bfc062723c751e8b465ee728b) (PreviewImporter) -> (artifact id: '6e959b5b9f100a31abb2a2fac62e1e1e') in 0.0552928 seconds
Number of updated asset objects reloaded before import = 0Number of asset objects unloaded after import = 3

========================================================================
Received Import Request.
  Time since last request: 421.208873 seconds.
  path: Assets/Scenes/SampleScene.unity
  artifactKey: Guid(99c9720ab356a0642a771bea13969a05) Importer(2089858483,192608db42251d675da83286b1cce702)
Start importing Assets/Scenes/SampleScene.unity using Guid(99c9720ab356a0642a771bea13969a05) Importer(2089858483,192608db42251d675da83286b1cce702) (ScriptedImporter) -> (artifact id: '19976a8a5127738ccc73ad5a8f4b1bca') in 0.0519773 seconds
Number of updated asset objects reloaded before import = 0Number of asset objects unloaded after import = 1

========================================================================
Received Import Request.
  Time since last request: 17.515304 seconds.
  path: Assets/Scenes/SampleScene.unity
  artifactKey: Guid(99c9720ab356a0642a771bea13969a05) Importer(2089858483,192608db42251d675da83286b1cce702)
Start importing Assets/Scenes/SampleScene.unity using Guid(99c9720ab356a0642a771bea13969a05) Importer(2089858483,192608db42251d675da83286b1cce702) (ScriptedImporter) -> (artifact id: 'e4d7289fbbd9870f6d2d89dcb7656f39') in 0.0491341 seconds
Number of updated asset objects reloaded before import = 0Number of asset objects unloaded after import = 1

